app/build/intermediates/manifest_merge_blame_file/release/manifest-merger-blame-release-report.txt
1<?xml version="1.0" encoding="utf-8"?>
2<manifest xmlns:android="http://schemas.android.com/apk/res/android"
3    package="com.vishwas.flames"
4    android:versionCode="1"
5    android:versionName="1.0" >
6
7    <uses-sdk
8        android:minSdkVersion="22"
8-->src/main/AndroidManifest.xml
9        android:targetSdkVersion="30" />
9-->src/main/AndroidManifest.xml
10
11    <application
11-->src/main/AndroidManifest.xml:5:5-26:19
12        android:allowBackup="true"
12-->src/main/AndroidManifest.xml:6:9-35
13        android:appComponentFactory="androidx.core.app.CoreComponentFactory"
13-->[androidx.core:core:1.3.1] AndroidManifest.xml:24:18-86
14        android:icon="@mipmap/ic_launcher"
14-->src/main/AndroidManifest.xml:7:9-43
15        android:label="@string/app_name"
15-->src/main/AndroidManifest.xml:8:9-41
16        android:roundIcon="@mipmap/ic_launcher_round"
16-->src/main/AndroidManifest.xml:9:9-54
17        android:supportsRtl="true"
17-->src/main/AndroidManifest.xml:10:9-35
18        android:theme="@style/AppTheme" >
18-->src/main/AndroidManifest.xml:11:9-40
19        <activity
19-->src/main/AndroidManifest.xml:12:9-18:20
20            android:name="com.vishwas.flames.splash"
20-->src/main/AndroidManifest.xml:12:19-41
21            android:configChanges="orientation"
21-->src/main/AndroidManifest.xml:12:42-77
22            android:screenOrientation="portrait" >
22-->src/main/AndroidManifest.xml:12:78-114
23            <intent-filter>
23-->src/main/AndroidManifest.xml:13:13-17:29
24                <action android:name="android.intent.action.MAIN" />
24-->src/main/AndroidManifest.xml:14:17-69
24-->src/main/AndroidManifest.xml:14:25-66
25
26                <category android:name="android.intent.category.LAUNCHER" />
26-->src/main/AndroidManifest.xml:16:17-77
26-->src/main/AndroidManifest.xml:16:27-74
27            </intent-filter>
28        </activity>
29        <activity
29-->src/main/AndroidManifest.xml:19:9-21:20
30            android:name="com.vishwas.flames.MainActivity"
30-->src/main/AndroidManifest.xml:19:19-47
31            android:configChanges="orientation"
31-->src/main/AndroidManifest.xml:19:48-83
32            android:screenOrientation="portrait" >
32-->src/main/AndroidManifest.xml:19:84-120
33        </activity>
34
35        <meta-data
35-->src/main/AndroidManifest.xml:23:9-25:57
36            android:name="preloaded_fonts"
36-->src/main/AndroidManifest.xml:24:13-43
37            android:resource="@array/preloaded_fonts" />
37-->src/main/AndroidManifest.xml:25:13-54
38    </application>
39
40</manifest>